<?xml version="1.0" encoding="UTF-8"?>
<testng-results ignored="0" total="1" passed="1" failed="0" skipped="0">
  <reporter-output>
  </reporter-output>
  <suite started-at="2025-09-01T14:16:21 IST" name="Suite" finished-at="2025-09-01T14:16:31 IST" duration-ms="9069">
    <groups>
    </groups>
    <test started-at="2025-09-01T14:16:21 IST" name="Test" finished-at="2025-09-01T14:16:31 IST" duration-ms="9069">
      <class name="Demo.A1">
        <test-method signature="Login()[pri:0, instance:Demo.A1@3e694b3f]" started-at="2025-09-01T14:16:21 IST" name="Login" finished-at="2025-09-01T14:16:30 IST" duration-ms="9011" status="PASS">
          <reporter-output>
          </reporter-output>
        </test-method> <!-- Login -->
      </class> <!-- Demo.A1 -->
    </test> <!-- Test -->
  </suite> <!-- Suite -->
</testng-results>
