<?xml version="1.0" encoding="UTF-8"?>
<testng-results ignored="0" total="1" passed="1" failed="0" skipped="0">
  <reporter-output>
  </reporter-output>
  <suite started-at="2025-09-01T17:06:56 IST" name="Default suite" finished-at="2025-09-01T17:07:52 IST" duration-ms="55833">
    <groups>
    </groups>
    <test started-at="2025-09-01T17:06:56 IST" name="Default test" finished-at="2025-09-01T17:07:52 IST" duration-ms="55833">
      <class name="Test.Run">
        <test-method signature="login()[pri:0, instance:Test.Run@9597028]" started-at="2025-09-01T17:06:56 IST" name="login" finished-at="2025-09-01T17:07:52 IST" duration-ms="55787" status="PASS">
          <reporter-output>
          </reporter-output>
        </test-method> <!-- login -->
      </class> <!-- Test.Run -->
    </test> <!-- Default test -->
  </suite> <!-- Default suite -->
</testng-results>
